Access is denied.
ntend@0.1.0 dev
> vite


  [32m[1mVITE[22m v6.4.3[39m  [2mready in [0m[1m215[22m[2m[0m ms[22m

  [32m➜[39m  [1mLocal[22m:   [36mhttp://localhost:[1m5173[22m/[39m
[2m  [32m➜[39m  [1mNetwork[22m[2m: use [22m[1m--host[22m[2m to expose[22m
[2m10:57:53 pm[22m [36m[1m[vite][22m[39m [90m[2m(client)[22m[39m [32mpage reload [39m[2mindex.html[22m
[2m10:57:53 pm[22m [36m[1m[vite][22m[39m [90m[2m(client)[22m[39m [32mhmr update [39m[2m/src/index.css[22m
[2m10:57:53 pm[22m [36m[1m[vite][22m[39m [90m[2m(client)[22m[39m [32mpage reload [39m[2mtailwind.config.js[22m
[2m10:58:14 pm[22m [36m[1m[vite][22m[39m [90m[2m(client)[22m[39m [32mhmr update [39m[2m/src/App.tsx, /src/index.css[22m
[2m10:59:04 pm[22m [36m[1m[vite][22m[39m [90m[2m(client)[22m[39m [32mhmr update [39m[2m/src/components/ImageUpload.tsx, /src/index.css[22m
[2m10:59:04 pm[22m [36m[1m[vite][22m[39m [90m[2m(client)[22m[39m [32mhmr update [39m[2m/src/components/ConfidenceChart.tsx, /src/index.css[22m
[2m10:59:04 pm[22m [36m[1m[vite][22m[39m [90m[2m(client)[22m[39m [32mhmr update [39m[2m/src/components/ResultCard.tsx, /src/index.css[22m
[2m10:59:18 pm[22m [36m[1m[vite][22m[39m [90m[2m(client)[22m[39m [32mhmr update [39m[2m/src/components/SegmentationOverlay.tsx, /src/index.css[22m
[2m11:00:05 pm[22m [36m[1m[vite][22m[39m [90m[2m(client)[22m[39m [32mhmr update [39m[2m/src/pages/PredictPage.tsx, /src/index.css[22m
[2m11:00:42 pm[22m [36m[1m[vite][22m[39m [90m[2m(client)[22m[39m [32mhmr update [39m[2m/src/pages/Dashboard.tsx, /src/index.css[22m
[2m11:00:42 pm[22m [36m[1m[vite][22m[39m [90m[2m(client)[22m[39m [32mhmr update [39m[2m/src/pages/History.tsx, /src/index.css[22m
[2m11:00:59 pm[22m [36m[1m[vite][22m[39m [90m[2m(client)[22m[39m [32mhmr update [39m[2m/src/pages/ReportPage.tsx, /src/index.css[22m
[2m11:00:59 pm[22m [36m[1m[vite][22m[39m [90m[2m(client)[22m[39m [32mhmr update [39m[2m/src/pages/ReportPage.tsx, /src/index.css[22m
[2m11:01:51 pm[22m [36m[1m[vite][22m[39m [90m[2m(client)[22m[39m [32mhmr update [39m[2m/src/pages/PredictPage.tsx, /src/index.css[22m
[2m11:01:51 pm[22m [36m[1m[vite][22m[39m [90m[2m(client)[22m[39m [32mhmr update [39m[2m/src/components/ImageUpload.tsx, /src/index.css[22m
[2m11:06:07 pm[22m [36m[1m[vite][22m[39m [90m[2m(client)[22m[39m [32mhmr update [39m[2m/src/App.tsx, /src/index.css[22m
[2m11:06:36 pm[22m [36m[1m[vite][22m[39m [90m[2m(client)[22m[39m [32mhmr update [39m[2m/src/App.tsx, /src/index.css[22m
[2m11:08:33 pm[22m [36m[1m[vite][22m[39m [90m[2m(client)[22m[39m [32mhmr update [39m[2m/src/App.tsx, /src/index.css[22m
[2m11:08:36 pm[22m [36m[1m[vite][22m[39m [90m[2m(client)[22m[39m [32m✨ new dependencies optimized: [33mframer-motion[32m[39m
[2m11:08:36 pm[22m [36m[1m[vite][22m[39m [90m[2m(client)[22m[39m [32m✨ optimized dependencies changed. reloading[39m
[2m11:08:56 pm[22m [36m[1m[vite][22m[39m [90m[2m(client)[22m[39m [32mhmr update [39m[2m/src/App.tsx, /src/index.css[22m
[2m11:11:26 pm[22m [36m[1m[vite][22m[39m [90m[2m(client)[22m[39m [32mhmr update [39m[2m/src/pages/Dashboard.tsx, /src/index.css[22m
[2m11:11:26 pm[22m [36m[1m[vite][22m[39m [90m[2m(client)[22m[39m [32mhmr update [39m[2m/src/pages/History.tsx, /src/index.css[22m
[2m11:11:35 pm[22m [36m[1m[vite][22m[39m [90m[2m(client)[22m[39m [32mhmr update [39m[2m/src/pages/ReportPage.tsx, /src/index.css[22m
[2m11:12:25 pm[22m [36m[1m[vite][22m[39m [90m[2m(client)[22m[39m [32mhmr update [39m[2m/src/components/Skeleton.tsx, /src/index.css[22m
[2m11:12:25 pm[22m [36m[1m[vite][22m[39m [90m[2m(client)[22m[39m [32mhmr update [39m[2m/src/pages/History.tsx, /src/index.css[22m
[2m11:12:25 pm[22m [31m[1m[vite][22m[39m [31mInternal server error: C:\Users\laksh\Desktop\APEX\frontend\src\pages\History.tsx: Unterminated JSX contents. (281:10)

[0m [90m 279 |[31m         [33m<[31m[33m/[31m[33mdiv[31m[33m>[31m
 [90m 280 |[31m       )}
[31m[1m>[22m[31m[90m 281 |[31m     [33m<[31m[33m/[31m[33mdiv[31m[33m>[31m
 [90m     |[31m           [31m[1m^[22m[31m
 [90m 282 |[31m   )[33m;[31m
 [90m 283 |[31m }
 [90m 284 |[31m[0m[39m
  Plugin: [35mvite:react-babel[39m
  File: [36mC:/Users/laksh/Desktop/APEX/frontend/src/pages/History.tsx[39m:281:10
[33m  279|          </div>
  280|        )}
  281|      </div>
     |            ^
  282|    );
  283|  }[39m
      at constructor (C:\Users\laksh\Desktop\APEX\frontend\node_modules\@babel\parser\lib\index.js:365:19)
      at TypeScriptParserMixin.raise (C:\Users\laksh\Desktop\APEX\frontend\node_modules\@babel\parser\lib\index.js:6616:19)
      at TypeScriptParserMixin.jsxReadToken (C:\Users\laksh\Desktop\APEX\frontend\node_modules\@babel\parser\lib\index.js:4460:20)
      at TypeScriptParserMixin.getTokenFromCode (C:\Users\laksh\Desktop\APEX\frontend\node_modules\@babel\parser\lib\index.js:4786:12)
      at TypeScriptParserMixin.getTokenFromCode (C:\Users\laksh\Desktop\APEX\frontend\node_modules\@babel\parser\lib\index.js:10004:11)
      at TypeScriptParserMixin.nextToken (C:\Users\laksh\Desktop\APEX\frontend\node_modules\@babel\parser\lib\index.js:5799:10)
      at TypeScriptParserMixin.next (C:\Users\laksh\Desktop\APEX\frontend\node_modules\@babel\parser\lib\index.js:5709:10)
      at TypeScriptParserMixin.eat (C:\Users\laksh\Desktop\APEX\frontend\node_modules\@babel\parser\lib\index.js:5713:12)
      at TypeScriptParserMixin.expect (C:\Users\laksh\Desktop\APEX\frontend\node_modules\@babel\parser\lib\index.js:6915:15)
      at TypeScriptParserMixin.jsxParseClosingElementAt (C:\Users\laksh\Desktop\APEX\frontend\node_modules\@babel\parser\lib\index.js:4692:10)
      at TypeScriptParserMixin.jsxParseElementAt (C:\Users\laksh\Desktop\APEX\frontend\node_modules\@babel\parser\lib\index.js:4707:37)
      at TypeScriptParserMixin.jsxParseElementAt (C:\Users\laksh\Desktop\APEX\frontend\node_modules\@babel\parser\lib\index.js:4710:32)
      at TypeScriptParserMixin.jsxParseElement (C:\Users\laksh\Desktop\APEX\frontend\node_modules\@babel\parser\lib\index.js:4761:17)
      at TypeScriptParserMixin.parseExprAtom (C:\Users\laksh\Desktop\APEX\frontend\node_modules\@babel\parser\lib\index.js:4771:19)
      at TypeScriptParserMixin.parseExprSubscripts (C:\Users\laksh\Desktop\APEX\frontend\node_modules\@babel\parser\lib\index.js:11098:23)
      at TypeScriptParserMixin.parseUpdate (C:\Users\laksh\Desktop\APEX\frontend\node_modules\@babel\parser\lib\index.js:11083:21)
      at TypeScriptParserMixin.parseMaybeUnary (C:\Users\laksh\Desktop\APEX\frontend\node_modules\@babel\parser\lib\index.js:11063:23)
      at TypeScriptParserMixin.parseMaybeUnary (C:\Users\laksh\Desktop\APEX\frontend\node_modules\@babel\parser\lib\index.js:9854:18)
      at TypeScriptParserMixin.parseMaybeUnaryOrPrivate (C:\Users\laksh\Desktop\APEX\frontend\node_modules\@babel\parser\lib\index.js:10916:61)
      at TypeScriptParserMixin.parseExprOps (C:\Users\laksh\Desktop\APEX\frontend\node_modules\@babel\parser\lib\index.js:10921:23)
      at TypeScriptParserMixin.parseMaybeConditional (C:\Users\laksh\Desktop\APEX\frontend\node_modules\@babel\parser\lib\index.js:10898:23)
      at TypeScriptParserMixin.parseMaybeAssign (C:\Users\laksh\Desktop\APEX\frontend\node_modules\@babel\parser\lib\index.js:10848:21)
      at C:\Users\laksh\Desktop\APEX\frontend\node_modules\@babel\parser\lib\index.js:9792:39
      at TypeScriptParserMixin.tryParse (C:\Users\laksh\Desktop\APEX\frontend\node_modules\@babel\parser\lib\index.js:6924:20)
      at TypeScriptParserMixin.parseMaybeAssign (C:\Users\laksh\Desktop\APEX\frontend\node_modules\@babel\parser\lib\index.js:9792:18)
      at C:\Users\laksh\Desktop\APEX\frontend\node_modules\@babel\parser\lib\index.js:10817:39
      at TypeScriptParserMixin.allowInAnd (C:\Users\laksh\Desktop\APEX\frontend\node_modules\@babel\parser\lib\index.js:12443:12)
      at TypeScriptParserMixin.parseMaybeAssignAllowIn (C:\Users\laksh\Desktop\APEX\frontend\node_modules\@babel\parser\lib\index.js:10817:17)
      at TypeScriptParserMixin.parseMaybeAssignAllowInOrVoidPattern (C:\Users\laksh\Desktop\APEX\frontend\node_modules\@babel\parser\lib\index.js:12510:17)
      at TypeScriptParserMixin.parseParenAndDistinguishExpression (C:\Users\laksh\Desktop\APEX\frontend\node_modules\@babel\parser\lib\index.js:11692:28)
      at TypeScriptParserMixin.parseExprAtom (C:\Users\laksh\Desktop\APEX\frontend\node_modules\@babel\parser\lib\index.js:11348:23)
      at TypeScriptParserMixin.parseExprAtom (C:\Users\laksh\Desktop\APEX\frontend\node_modules\@babel\parser\lib\index.js:4776:20)
      at TypeScriptParserMixin.parseExprSubscripts (C:\Users\laksh\Desktop\APEX\frontend\node_modules\@babel\parser\lib\index.js:11098:23)
      at TypeScriptParserMixin.parseUpdate (C:\Users\laksh\Desktop\APEX\frontend\node_modules\@babel\parser\lib\index.js:11083:21)
      at TypeScriptParserMixin.parseMaybeUnary (C:\Users\laksh\Desktop\APEX\frontend\node_modules\@babel\parser\lib\index.js:11063:23)
      at TypeScriptParserMixin.parseMaybeUnary (C:\Users\laksh\Desktop\APEX\frontend\node_modules\@babel\parser\lib\index.js:9854:18)
      at TypeScriptParserMixin.parseMaybeUnaryOrPrivate (C:\Users\laksh\Desktop\APEX\frontend\node_modules\@babel\parser\lib\index.js:10916:61)
      at TypeScriptParserMixin.parseExprOps (C:\Users\laksh\Desktop\APEX\frontend\node_modules\@babel\parser\lib\index.js:10921:23)
      at TypeScriptParserMixin.parseMaybeConditional (C:\Users\laksh\Desktop\APEX\frontend\node_modules\@babel\parser\lib\index.js:10898:23)
      at TypeScriptParserMixin.parseMaybeAssign (C:\Users\laksh\Desktop\APEX\frontend\node_modules\@babel\parser\lib\index.js:10848:21)
      at TypeScriptParserMixin.parseMaybeAssign (C:\Users\laksh\Desktop\APEX\frontend\node_modules\@babel\parser\lib\index.js:9803:20)
      at TypeScriptParserMixin.parseExpressionBase (C:\Users\laksh\Desktop\APEX\frontend\node_modules\@babel\parser\lib\index.js:10801:23)
      at C:\Users\laksh\Desktop\APEX\frontend\node_modules\@babel\parser\lib\index.js:10797:39
      at TypeScriptParserMixin.allowInAnd (C:\Users\laksh\Desktop\APEX\frontend\node_modules\@babel\parser\lib\index.js:12438:16)
      at TypeScriptParserMixin.parseExpression (C:\Users\laksh\Desktop\APEX\frontend\node_modules\@babel\parser\lib\index.js:10797:17)
      at TypeScriptParserMixin.parseReturnStatement (C:\Users\laksh\Desktop\APEX\frontend\node_modules\@babel\parser\lib\index.js:13159:28)
      at TypeScriptParserMixin.parseStatementContent (C:\Users\laksh\Desktop\APEX\frontend\node_modules\@babel\parser\lib\index.js:12815:21)
      at TypeScriptParserMixin.parseStatementContent (C:\Users\laksh\Desktop\APEX\frontend\node_modules\@babel\parser\lib\index.js:9525:18)
      at TypeScriptParserMixin.parseStatementLike (C:\Users\laksh\Desktop\APEX\frontend\node_modules\@babel\parser\lib\index.js:12784:17)
      at TypeScriptParserMixin.parseStatementListItem (C:\Users\laksh\Desktop\APEX\frontend\node_modules\@babel\parser\lib\index.js:12764:17)
[2m11:12:42 pm[22m [36m[1m[vite][22m[39m [90m[2m(client)[22m[39m [32mhmr update [39m[2m/src/pages/History.tsx, /src/index.css[22m
[2m11:12:42 pm[22m [31m[1m[vite][22m[39m [31mInternal server error: Transform failed with 1 error:
C:/Users/laksh/Desktop/APEX/frontend/src/pages/History.tsx:298:7: ERROR: The character "}" is not valid inside a JSX element[39m
  Plugin: [35mvite:esbuild[39m
  File: [36mC:/Users/laksh/Desktop/APEX/frontend/src/pages/History.tsx[39m:279:0
[33m  
  [33mThe character "}" is not valid inside a JSX element[33m
  296|          }
  297|          </div>
  298|        )}
     |         ^
  299|      </div>);
  300|  
  [39m
      at failureErrorWithLog (C:\Users\laksh\Desktop\APEX\frontend\node_modules\esbuild\lib\main.js:1467:15)
      at C:\Users\laksh\Desktop\APEX\frontend\node_modules\esbuild\lib\main.js:736:50
      at responseCallbacks.<computed> (C:\Users\laksh\Desktop\APEX\frontend\node_modules\esbuild\lib\main.js:603:9)
      at handleIncomingPacket (C:\Users\laksh\Desktop\APEX\frontend\node_modules\esbuild\lib\main.js:658:12)
      at Socket.readFromStdout (C:\Users\laksh\Desktop\APEX\frontend\node_modules\esbuild\lib\main.js:581:7)
      at Socket.emit (node:events:508:28)
      at addChunk (node:internal/streams/readable:559:12)
      at readableAddChunkPushByteMode (node:internal/streams/readable:510:3)
      at Readable.push (node:internal/streams/readable:390:5)
      at Pipe.onStreamRead (node:internal/stream_base_commons:189:23)
[2m11:13:36 pm[22m [36m[1m[vite][22m[39m [90m[2m(client)[22m[39m [32mhmr update [39m[2m/src/pages/History.tsx, /src/index.css[22m
[2m11:18:30 pm[22m [36m[1m[vite][22m[39m [90m[2m(client)[22m[39m [32mhmr update [39m[2m/src/App.tsx, /src/index.css[22m
[2m11:18:30 pm[22m [36m[1m[vite][22m[39m [90m[2m(client)[22m[39m [32mhmr update [39m[2m/src/pages/PredictPage.tsx, /src/index.css[22m
[2m11:18:59 pm[22m [36m[1m[vite][22m[39m [90m[2m(client)[22m[39m [32mhmr update [39m[2m/src/components/Toast.tsx, /src/index.css[22m
[2m11:18:59 pm[22m [36m[1m[vite][22m[39m [90m[2m(client)[22m[39m [33mhmr invalidate [39m[2m/src/components/Toast.tsx[22m Could not Fast Refresh ("useToast" export is incompatible). Learn more at https://github.com/vitejs/vite-plugin-react/tree/main/packages/plugin-react#consistent-components-exports
[2m11:18:59 pm[22m [36m[1m[vite][22m[39m [90m[2m(client)[22m[39m [32mhmr update [39m[2m/src/App.tsx, /src/index.css, /src/pages/PredictPage.tsx[22m
[2m11:27:05 pm[22m [36m[1m[vite][22m[39m [90m[2m(client)[22m[39m [32mpage reload [39m[2mtailwind.config.js[22m
[2m11:27:16 pm[22m [36m[1m[vite][22m[39m [90m[2m(client)[22m[39m [32mhmr update [39m[2m/src/index.css[22m
[2m11:27:47 pm[22m [36m[1m[vite][22m[39m [90m[2m(client)[22m[39m [32mhmr update [39m[2m/src/pages/PredictPage.tsx, /src/index.css[22m
[2m11:31:22 pm[22m [36m[1m[vite][22m[39m [90m[2m(client)[22m[39m [32mhmr update [39m[2m/src/pages/Dashboard.tsx, /src/index.css[22m
[2m11:32:07 pm[22m [36m[1m[vite][22m[39m [90m[2m(client)[22m[39m [32mhmr update [39m[2m/src/components/AnimatedCounter.tsx, /src/index.css[22m
[2m11:34:29 pm[22m [36m[1m[vite][22m[39m [90m[2m(client)[22m[39m [32mhmr update [39m[2m/src/pages/PredictPage.tsx, /src/index.css[22m
[2m11:34:58 pm[22m [36m[1m[vite][22m[39m [90m[2m(client)[22m[39m [32mhmr update [39m[2m/src/pages/PredictPage.tsx, /src/index.css[22m
[2m11:39:23 pm[22m [36m[1m[vite][22m[39m [90m[2m(client)[22m[39m [32mhmr update [39m[2m/src/App.tsx, /src/index.css[22m
[2m11:43:20 pm[22m [36m[1m[vite][22m[39m [90m[2m(client)[22m[39m [32mhmr update [39m[2m/src/App.tsx, /src/index.css[22m
[2m11:43:28 pm[22m [36m[1m[vite][22m[39m [90m[2m(client)[22m[39m [32mhmr update [39m[2m/src/App.tsx, /src/index.css[22m
[2m11:44:07 pm[22m [36m[1m[vite][22m[39m [90m[2m(client)[22m[39m [32mhmr update [39m[2m/src/App.tsx, /src/index.css[22m
^C